CRITICAL - 2024-07-28 21:16:17 --> TypeError: Unsupported operand types: string - string
[Method: GET, Route: /]
in APPPATH\Controllers\Home.php on line 16.
 1 SYSTEMPATH\CodeIgniter.php(933): App\Controllers\Home->index()
 2 SYSTEMPATH\CodeIgniter.php(509): CodeIgniter\CodeIgniter->runController(Object(App\Controllers\Home))
 3 SYSTEMPATH\CodeIgniter.php(355): CodeIgniter\CodeIgniter->handleRequest(null, Object(Config\Cache), false)
 4 SYSTEMPATH\Boot.php(325): CodeIgniter\CodeIgniter->run()
 5 SYSTEMPATH\Boot.php(67): CodeIgniter\Boot::runCodeIgniter(Object(CodeIgniter\CodeIgniter))
 6 FCPATH\index.php(56): CodeIgniter\Boot::bootWeb(Object(Config\Paths))
CRITICAL - 2024-07-28 21:16:18 --> TypeError: Unsupported operand types: string - string
[Method: GET, Route: /]
in APPPATH\Controllers\Home.php on line 16.
 1 SYSTEMPATH\CodeIgniter.php(933): App\Controllers\Home->index()
 2 SYSTEMPATH\CodeIgniter.php(509): CodeIgniter\CodeIgniter->runController(Object(App\Controllers\Home))
 3 SYSTEMPATH\CodeIgniter.php(355): CodeIgniter\CodeIgniter->handleRequest(null, Object(Config\Cache), false)
 4 SYSTEMPATH\Boot.php(325): CodeIgniter\CodeIgniter->run()
 5 SYSTEMPATH\Boot.php(67): CodeIgniter\Boot::runCodeIgniter(Object(CodeIgniter\CodeIgniter))
 6 FCPATH\index.php(56): CodeIgniter\Boot::bootWeb(Object(Config\Paths))
CRITICAL - 2024-07-28 21:16:48 --> TypeError: Unsupported operand types: string - string
[Method: GET, Route: /]
in APPPATH\Controllers\Home.php on line 16.
 1 SYSTEMPATH\CodeIgniter.php(933): App\Controllers\Home->index()
 2 SYSTEMPATH\CodeIgniter.php(509): CodeIgniter\CodeIgniter->runController(Object(App\Controllers\Home))
 3 SYSTEMPATH\CodeIgniter.php(355): CodeIgniter\CodeIgniter->handleRequest(null, Object(Config\Cache), false)
 4 SYSTEMPATH\Boot.php(325): CodeIgniter\CodeIgniter->run()
 5 SYSTEMPATH\Boot.php(67): CodeIgniter\Boot::runCodeIgniter(Object(CodeIgniter\CodeIgniter))
 6 FCPATH\index.php(56): CodeIgniter\Boot::bootWeb(Object(Config\Paths))
CRITICAL - 2024-07-28 21:16:49 --> TypeError: Unsupported operand types: string - string
[Method: GET, Route: /]
in APPPATH\Controllers\Home.php on line 16.
 1 SYSTEMPATH\CodeIgniter.php(933): App\Controllers\Home->index()
 2 SYSTEMPATH\CodeIgniter.php(509): CodeIgniter\CodeIgniter->runController(Object(App\Controllers\Home))
 3 SYSTEMPATH\CodeIgniter.php(355): CodeIgniter\CodeIgniter->handleRequest(null, Object(Config\Cache), false)
 4 SYSTEMPATH\Boot.php(325): CodeIgniter\CodeIgniter->run()
 5 SYSTEMPATH\Boot.php(67): CodeIgniter\Boot::runCodeIgniter(Object(CodeIgniter\CodeIgniter))
 6 FCPATH\index.php(56): CodeIgniter\Boot::bootWeb(Object(Config\Paths))
CRITICAL - 2024-07-28 21:18:19 --> TypeError: Unsupported operand types: string - string
[Method: GET, Route: /]
in APPPATH\Controllers\Home.php on line 16.
 1 SYSTEMPATH\CodeIgniter.php(933): App\Controllers\Home->index()
 2 SYSTEMPATH\CodeIgniter.php(509): CodeIgniter\CodeIgniter->runController(Object(App\Controllers\Home))
 3 SYSTEMPATH\CodeIgniter.php(355): CodeIgniter\CodeIgniter->handleRequest(null, Object(Config\Cache), false)
 4 SYSTEMPATH\Boot.php(325): CodeIgniter\CodeIgniter->run()
 5 SYSTEMPATH\Boot.php(67): CodeIgniter\Boot::runCodeIgniter(Object(CodeIgniter\CodeIgniter))
 6 FCPATH\index.php(56): CodeIgniter\Boot::bootWeb(Object(Config\Paths))
CRITICAL - 2024-07-28 21:18:20 --> TypeError: Unsupported operand types: string - string
[Method: GET, Route: /]
in APPPATH\Controllers\Home.php on line 16.
 1 SYSTEMPATH\CodeIgniter.php(933): App\Controllers\Home->index()
 2 SYSTEMPATH\CodeIgniter.php(509): CodeIgniter\CodeIgniter->runController(Object(App\Controllers\Home))
 3 SYSTEMPATH\CodeIgniter.php(355): CodeIgniter\CodeIgniter->handleRequest(null, Object(Config\Cache), false)
 4 SYSTEMPATH\Boot.php(325): CodeIgniter\CodeIgniter->run()
 5 SYSTEMPATH\Boot.php(67): CodeIgniter\Boot::runCodeIgniter(Object(CodeIgniter\CodeIgniter))
 6 FCPATH\index.php(56): CodeIgniter\Boot::bootWeb(Object(Config\Paths))
CRITICAL - 2024-07-28 21:20:52 --> TypeError: Unsupported operand types: string - string
[Method: GET, Route: /]
in APPPATH\Controllers\Home.php on line 17.
 1 SYSTEMPATH\CodeIgniter.php(933): App\Controllers\Home->index()
 2 SYSTEMPATH\CodeIgniter.php(509): CodeIgniter\CodeIgniter->runController(Object(App\Controllers\Home))
 3 SYSTEMPATH\CodeIgniter.php(355): CodeIgniter\CodeIgniter->handleRequest(null, Object(Config\Cache), false)
 4 SYSTEMPATH\Boot.php(325): CodeIgniter\CodeIgniter->run()
 5 SYSTEMPATH\Boot.php(67): CodeIgniter\Boot::runCodeIgniter(Object(CodeIgniter\CodeIgniter))
 6 FCPATH\index.php(56): CodeIgniter\Boot::bootWeb(Object(Config\Paths))
CRITICAL - 2024-07-28 21:20:52 --> TypeError: Unsupported operand types: string - string
[Method: GET, Route: /]
in APPPATH\Controllers\Home.php on line 17.
 1 SYSTEMPATH\CodeIgniter.php(933): App\Controllers\Home->index()
 2 SYSTEMPATH\CodeIgniter.php(509): CodeIgniter\CodeIgniter->runController(Object(App\Controllers\Home))
 3 SYSTEMPATH\CodeIgniter.php(355): CodeIgniter\CodeIgniter->handleRequest(null, Object(Config\Cache), false)
 4 SYSTEMPATH\Boot.php(325): CodeIgniter\CodeIgniter->run()
 5 SYSTEMPATH\Boot.php(67): CodeIgniter\Boot::runCodeIgniter(Object(CodeIgniter\CodeIgniter))
 6 FCPATH\index.php(56): CodeIgniter\Boot::bootWeb(Object(Config\Paths))
CRITICAL - 2024-07-28 21:21:36 --> ErrorException: Undefined variable $path
[Method: GET, Route: /]
in APPPATH\Controllers\Home.php on line 17.
 1 APPPATH\Controllers\Home.php(17): CodeIgniter\Debug\Exceptions->errorHandler(2, 'Undefined variable $path', 'C:\\xampp2\\htdocs\\upload-files-codeigniter\\app\\Controllers\\Home.php', 17)
 2 SYSTEMPATH\CodeIgniter.php(933): App\Controllers\Home->index()
 3 SYSTEMPATH\CodeIgniter.php(509): CodeIgniter\CodeIgniter->runController(Object(App\Controllers\Home))
 4 SYSTEMPATH\CodeIgniter.php(355): CodeIgniter\CodeIgniter->handleRequest(null, Object(Config\Cache), false)
 5 SYSTEMPATH\Boot.php(325): CodeIgniter\CodeIgniter->run()
 6 SYSTEMPATH\Boot.php(67): CodeIgniter\Boot::runCodeIgniter(Object(CodeIgniter\CodeIgniter))
 7 FCPATH\index.php(56): CodeIgniter\Boot::bootWeb(Object(Config\Paths))
CRITICAL - 2024-07-28 21:21:36 --> ErrorException: Undefined variable $path
[Method: GET, Route: /]
in APPPATH\Controllers\Home.php on line 17.
 1 APPPATH\Controllers\Home.php(17): CodeIgniter\Debug\Exceptions->errorHandler(2, 'Undefined variable $path', 'C:\\xampp2\\htdocs\\upload-files-codeigniter\\app\\Controllers\\Home.php', 17)
 2 SYSTEMPATH\CodeIgniter.php(933): App\Controllers\Home->index()
 3 SYSTEMPATH\CodeIgniter.php(509): CodeIgniter\CodeIgniter->runController(Object(App\Controllers\Home))
 4 SYSTEMPATH\CodeIgniter.php(355): CodeIgniter\CodeIgniter->handleRequest(null, Object(Config\Cache), false)
 5 SYSTEMPATH\Boot.php(325): CodeIgniter\CodeIgniter->run()
 6 SYSTEMPATH\Boot.php(67): CodeIgniter\Boot::runCodeIgniter(Object(CodeIgniter\CodeIgniter))
 7 FCPATH\index.php(56): CodeIgniter\Boot::bootWeb(Object(Config\Paths))
CRITICAL - 2024-07-28 21:44:47 --> RuntimeException: SplFileInfo::getSize(): stat failed for C:\xampp2\htdocs\upload-files-codeigniter\\file\hello.txt
[Method: GET, Route: /]
in SYSTEMPATH\Files\File.php on line 70.
 1 SYSTEMPATH\Files\File.php(70): SplFileInfo->getSize()
 2 APPPATH\Controllers\Home.php(27): CodeIgniter\Files\File->getSize()
 3 SYSTEMPATH\CodeIgniter.php(933): App\Controllers\Home->index()
 4 SYSTEMPATH\CodeIgniter.php(509): CodeIgniter\CodeIgniter->runController(Object(App\Controllers\Home))
 5 SYSTEMPATH\CodeIgniter.php(355): CodeIgniter\CodeIgniter->handleRequest(null, Object(Config\Cache), false)
 6 SYSTEMPATH\Boot.php(325): CodeIgniter\CodeIgniter->run()
 7 SYSTEMPATH\Boot.php(67): CodeIgniter\Boot::runCodeIgniter(Object(CodeIgniter\CodeIgniter))
 8 FCPATH\index.php(56): CodeIgniter\Boot::bootWeb(Object(Config\Paths))
CRITICAL - 2024-07-28 21:44:47 --> RuntimeException: SplFileInfo::getSize(): stat failed for C:\xampp2\htdocs\upload-files-codeigniter\\file\hello.txt
[Method: GET, Route: /]
in SYSTEMPATH\Files\File.php on line 70.
 1 SYSTEMPATH\Files\File.php(70): SplFileInfo->getSize()
 2 APPPATH\Controllers\Home.php(27): CodeIgniter\Files\File->getSize()
 3 SYSTEMPATH\CodeIgniter.php(933): App\Controllers\Home->index()
 4 SYSTEMPATH\CodeIgniter.php(509): CodeIgniter\CodeIgniter->runController(Object(App\Controllers\Home))
 5 SYSTEMPATH\CodeIgniter.php(355): CodeIgniter\CodeIgniter->handleRequest(null, Object(Config\Cache), false)
 6 SYSTEMPATH\Boot.php(325): CodeIgniter\CodeIgniter->run()
 7 SYSTEMPATH\Boot.php(67): CodeIgniter\Boot::runCodeIgniter(Object(CodeIgniter\CodeIgniter))
 8 FCPATH\index.php(56): CodeIgniter\Boot::bootWeb(Object(Config\Paths))
CRITICAL - 2024-07-28 21:45:05 --> ErrorException: finfo_file(C:\xampp2\htdocs\upload-files-codeigniter\\file\hello.txt): Failed to open stream: No such file or directory
[Method: GET, Route: /]
in SYSTEMPATH\Files\File.php on line 115.
 1 [internal function]: CodeIgniter\Debug\Exceptions->errorHandler(2, 'finfo_file(C:\\xampp2\\htdocs\\upload-files-codeigniter\\\\file\\hello.txt): Failed to open stream: No such file or directory', 'C:\\xampp2\\htdocs\\upload-files-codeigniter\\system\\Files\\File.php', 115)
 2 SYSTEMPATH\Files\File.php(115): finfo_file(Object(finfo), 'C:\\xampp2\\htdocs\\upload-files-codeigniter\\\\file\\hello.txt')
 3 APPPATH\Controllers\Home.php(29): CodeIgniter\Files\File->getMimeType()
 4 SYSTEMPATH\CodeIgniter.php(933): App\Controllers\Home->index()
 5 SYSTEMPATH\CodeIgniter.php(509): CodeIgniter\CodeIgniter->runController(Object(App\Controllers\Home))
 6 SYSTEMPATH\CodeIgniter.php(355): CodeIgniter\CodeIgniter->handleRequest(null, Object(Config\Cache), false)
 7 SYSTEMPATH\Boot.php(325): CodeIgniter\CodeIgniter->run()
 8 SYSTEMPATH\Boot.php(67): CodeIgniter\Boot::runCodeIgniter(Object(CodeIgniter\CodeIgniter))
 9 FCPATH\index.php(56): CodeIgniter\Boot::bootWeb(Object(Config\Paths))
CRITICAL - 2024-07-28 21:45:06 --> ErrorException: finfo_file(C:\xampp2\htdocs\upload-files-codeigniter\\file\hello.txt): Failed to open stream: No such file or directory
[Method: GET, Route: /]
in SYSTEMPATH\Files\File.php on line 115.
 1 [internal function]: CodeIgniter\Debug\Exceptions->errorHandler(2, 'finfo_file(C:\\xampp2\\htdocs\\upload-files-codeigniter\\\\file\\hello.txt): Failed to open stream: No such file or directory', 'C:\\xampp2\\htdocs\\upload-files-codeigniter\\system\\Files\\File.php', 115)
 2 SYSTEMPATH\Files\File.php(115): finfo_file(Object(finfo), 'C:\\xampp2\\htdocs\\upload-files-codeigniter\\\\file\\hello.txt')
 3 APPPATH\Controllers\Home.php(29): CodeIgniter\Files\File->getMimeType()
 4 SYSTEMPATH\CodeIgniter.php(933): App\Controllers\Home->index()
 5 SYSTEMPATH\CodeIgniter.php(509): CodeIgniter\CodeIgniter->runController(Object(App\Controllers\Home))
 6 SYSTEMPATH\CodeIgniter.php(355): CodeIgniter\CodeIgniter->handleRequest(null, Object(Config\Cache), false)
 7 SYSTEMPATH\Boot.php(325): CodeIgniter\CodeIgniter->run()
 8 SYSTEMPATH\Boot.php(67): CodeIgniter\Boot::runCodeIgniter(Object(CodeIgniter\CodeIgniter))
 9 FCPATH\index.php(56): CodeIgniter\Boot::bootWeb(Object(Config\Paths))
CRITICAL - 2024-07-28 22:05:08 --> TypeError: App\Controllers\Home::index(): Return value must be of type string, none returned
[Method: GET, Route: /]
in APPPATH\Controllers\Home.php on line 47.
 1 SYSTEMPATH\CodeIgniter.php(933): App\Controllers\Home->index()
 2 SYSTEMPATH\CodeIgniter.php(509): CodeIgniter\CodeIgniter->runController(Object(App\Controllers\Home))
 3 SYSTEMPATH\CodeIgniter.php(355): CodeIgniter\CodeIgniter->handleRequest(null, Object(Config\Cache), false)
 4 SYSTEMPATH\Boot.php(325): CodeIgniter\CodeIgniter->run()
 5 SYSTEMPATH\Boot.php(67): CodeIgniter\Boot::runCodeIgniter(Object(CodeIgniter\CodeIgniter))
 6 FCPATH\index.php(56): CodeIgniter\Boot::bootWeb(Object(Config\Paths))
CRITICAL - 2024-07-28 22:05:08 --> RuntimeException: SplFileInfo::getSize(): stat failed for C:\xampp2\htdocs\access-files-codeigniter\public\file\hello.txt
[Method: GET, Route: /]
in SYSTEMPATH\Files\File.php on line 70.
 1 SYSTEMPATH\Files\File.php(70): SplFileInfo->getSize()
 2 APPPATH\Controllers\Home.php(32): CodeIgniter\Files\File->getSize()
 3 SYSTEMPATH\CodeIgniter.php(933): App\Controllers\Home->index()
 4 SYSTEMPATH\CodeIgniter.php(509): CodeIgniter\CodeIgniter->runController(Object(App\Controllers\Home))
 5 SYSTEMPATH\CodeIgniter.php(355): CodeIgniter\CodeIgniter->handleRequest(null, Object(Config\Cache), false)
 6 SYSTEMPATH\Boot.php(325): CodeIgniter\CodeIgniter->run()
 7 SYSTEMPATH\Boot.php(67): CodeIgniter\Boot::runCodeIgniter(Object(CodeIgniter\CodeIgniter))
 8 FCPATH\index.php(56): CodeIgniter\Boot::bootWeb(Object(Config\Paths))
CRITICAL - 2024-07-28 22:06:36 --> RuntimeException: SplFileInfo::getSize(): stat failed for C:\xampp2\htdocs\access-files-codeigniter\public\file\hello.txt
[Method: GET, Route: /]
in SYSTEMPATH\Files\File.php on line 70.
 1 SYSTEMPATH\Files\File.php(70): SplFileInfo->getSize()
 2 APPPATH\Controllers\Home.php(32): CodeIgniter\Files\File->getSize()
 3 SYSTEMPATH\CodeIgniter.php(933): App\Controllers\Home->index()
 4 SYSTEMPATH\CodeIgniter.php(509): CodeIgniter\CodeIgniter->runController(Object(App\Controllers\Home))
 5 SYSTEMPATH\CodeIgniter.php(355): CodeIgniter\CodeIgniter->handleRequest(null, Object(Config\Cache), false)
 6 SYSTEMPATH\Boot.php(325): CodeIgniter\CodeIgniter->run()
 7 SYSTEMPATH\Boot.php(67): CodeIgniter\Boot::runCodeIgniter(Object(CodeIgniter\CodeIgniter))
 8 FCPATH\index.php(56): CodeIgniter\Boot::bootWeb(Object(Config\Paths))
CRITICAL - 2024-07-28 22:06:36 --> RuntimeException: SplFileInfo::getSize(): stat failed for C:\xampp2\htdocs\access-files-codeigniter\public\file\hello.txt
[Method: GET, Route: /]
in SYSTEMPATH\Files\File.php on line 70.
 1 SYSTEMPATH\Files\File.php(70): SplFileInfo->getSize()
 2 APPPATH\Controllers\Home.php(32): CodeIgniter\Files\File->getSize()
 3 SYSTEMPATH\CodeIgniter.php(933): App\Controllers\Home->index()
 4 SYSTEMPATH\CodeIgniter.php(509): CodeIgniter\CodeIgniter->runController(Object(App\Controllers\Home))
 5 SYSTEMPATH\CodeIgniter.php(355): CodeIgniter\CodeIgniter->handleRequest(null, Object(Config\Cache), false)
 6 SYSTEMPATH\Boot.php(325): CodeIgniter\CodeIgniter->run()
 7 SYSTEMPATH\Boot.php(67): CodeIgniter\Boot::runCodeIgniter(Object(CodeIgniter\CodeIgniter))
 8 FCPATH\index.php(56): CodeIgniter\Boot::bootWeb(Object(Config\Paths))
CRITICAL - 2024-07-28 22:07:41 --> RuntimeException: SplFileInfo::getSize(): stat failed for C:\xampp2\htdocs\access-files-codeigniter\public\file\hello.txt
[Method: GET, Route: /]
in SYSTEMPATH\Files\File.php on line 70.
 1 SYSTEMPATH\Files\File.php(70): SplFileInfo->getSize()
 2 APPPATH\Controllers\Home.php(32): CodeIgniter\Files\File->getSize()
 3 SYSTEMPATH\CodeIgniter.php(933): App\Controllers\Home->index()
 4 SYSTEMPATH\CodeIgniter.php(509): CodeIgniter\CodeIgniter->runController(Object(App\Controllers\Home))
 5 SYSTEMPATH\CodeIgniter.php(355): CodeIgniter\CodeIgniter->handleRequest(null, Object(Config\Cache), false)
 6 SYSTEMPATH\Boot.php(325): CodeIgniter\CodeIgniter->run()
 7 SYSTEMPATH\Boot.php(67): CodeIgniter\Boot::runCodeIgniter(Object(CodeIgniter\CodeIgniter))
 8 FCPATH\index.php(56): CodeIgniter\Boot::bootWeb(Object(Config\Paths))
CRITICAL - 2024-07-28 22:07:41 --> RuntimeException: SplFileInfo::getSize(): stat failed for C:\xampp2\htdocs\access-files-codeigniter\public\file\hello.txt
[Method: GET, Route: /]
in SYSTEMPATH\Files\File.php on line 70.
 1 SYSTEMPATH\Files\File.php(70): SplFileInfo->getSize()
 2 APPPATH\Controllers\Home.php(32): CodeIgniter\Files\File->getSize()
 3 SYSTEMPATH\CodeIgniter.php(933): App\Controllers\Home->index()
 4 SYSTEMPATH\CodeIgniter.php(509): CodeIgniter\CodeIgniter->runController(Object(App\Controllers\Home))
 5 SYSTEMPATH\CodeIgniter.php(355): CodeIgniter\CodeIgniter->handleRequest(null, Object(Config\Cache), false)
 6 SYSTEMPATH\Boot.php(325): CodeIgniter\CodeIgniter->run()
 7 SYSTEMPATH\Boot.php(67): CodeIgniter\Boot::runCodeIgniter(Object(CodeIgniter\CodeIgniter))
 8 FCPATH\index.php(56): CodeIgniter\Boot::bootWeb(Object(Config\Paths))
CRITICAL - 2024-07-28 22:07:41 --> RuntimeException: SplFileInfo::getSize(): stat failed for C:\xampp2\htdocs\access-files-codeigniter\public\file\hello.txt
[Method: GET, Route: /]
in SYSTEMPATH\Files\File.php on line 70.
 1 SYSTEMPATH\Files\File.php(70): SplFileInfo->getSize()
 2 APPPATH\Controllers\Home.php(32): CodeIgniter\Files\File->getSize()
 3 SYSTEMPATH\CodeIgniter.php(933): App\Controllers\Home->index()
 4 SYSTEMPATH\CodeIgniter.php(509): CodeIgniter\CodeIgniter->runController(Object(App\Controllers\Home))
 5 SYSTEMPATH\CodeIgniter.php(355): CodeIgniter\CodeIgniter->handleRequest(null, Object(Config\Cache), false)
 6 SYSTEMPATH\Boot.php(325): CodeIgniter\CodeIgniter->run()
 7 SYSTEMPATH\Boot.php(67): CodeIgniter\Boot::runCodeIgniter(Object(CodeIgniter\CodeIgniter))
 8 FCPATH\index.php(56): CodeIgniter\Boot::bootWeb(Object(Config\Paths))
CRITICAL - 2024-07-28 22:07:42 --> RuntimeException: SplFileInfo::getSize(): stat failed for C:\xampp2\htdocs\access-files-codeigniter\public\file\hello.txt
[Method: GET, Route: /]
in SYSTEMPATH\Files\File.php on line 70.
 1 SYSTEMPATH\Files\File.php(70): SplFileInfo->getSize()
 2 APPPATH\Controllers\Home.php(32): CodeIgniter\Files\File->getSize()
 3 SYSTEMPATH\CodeIgniter.php(933): App\Controllers\Home->index()
 4 SYSTEMPATH\CodeIgniter.php(509): CodeIgniter\CodeIgniter->runController(Object(App\Controllers\Home))
 5 SYSTEMPATH\CodeIgniter.php(355): CodeIgniter\CodeIgniter->handleRequest(null, Object(Config\Cache), false)
 6 SYSTEMPATH\Boot.php(325): CodeIgniter\CodeIgniter->run()
 7 SYSTEMPATH\Boot.php(67): CodeIgniter\Boot::runCodeIgniter(Object(CodeIgniter\CodeIgniter))
 8 FCPATH\index.php(56): CodeIgniter\Boot::bootWeb(Object(Config\Paths))
